date: 2013-11-28 16:47:41.057
argv: C:\Users\ArchyFilafs\Desktop\node-v0.10.18-darwin-x64\\node.exe C:\Users\ArchyFilafs\Desktop\node-v0.10.18-darwin-x64\node_modules\hexo\bin\hexo server
os: Windows_NT 6.2.9200 win32 x64
version:
  hexo: 2.3.0
  http_parser: 1.0
  node: 0.10.18
  v8: 3.14.5.9
  ares: 1.9.0-DEV
  uv: 0.10.15
  zlib: 1.2.3
  modules: 11
  openssl: 1.0.1e
---

[debug] 16:47:40.198 Configuration file load successfully
[debug] 16:47:40.206 Plugin loaded successfully: hexo-generator-feed
[debug] 16:47:40.209 Plugin loaded successfully: hexo-generator-sitemap
[debug] 16:47:40.210 Version info checked successfully
[debug] 16:47:40.210 Loading the database...
[debug] 16:47:40.807 Theme layout loaded
[debug] 16:47:40.808 Start watching theme layout...
[debug] 16:47:40.822 Theme configuration loaded
[debug] 16:47:40.901 Theme source loaded
[debug] 16:47:40.903 Start watching theme source...
[debug] 16:47:40.915 Theme i18n loaded
[debug] 16:47:40.928 Processed: _posts/hello-world.md
[debug] 16:47:41.045 Processed: _posts/high-time-function.md
[debug] 16:47:41.047 Processed: _posts/test.md
[debug] 16:47:41.049 Processed: _posts/try-git.md
[error] 16:47:41.051 { rawMessage: 'Unable to parse.',
  parsedLine: 5,
  snippet: 'tags:[]',
  parsedFile: null,
  message: 'Unable to parse.',
  domain: 
   { domain: null,
     _events: { error: [Function] },
     _maxListeners: 10,
     members: [],
     _disposed: true },
  domainThrown: true }