0 info it worked if it ends with ok
1 verbose cli [ '/opt/local/bin/node',
1 verbose cli   '/opt/local/bin/npm',
1 verbose cli   'install',
1 verbose cli   '-g',
1 verbose cli   'http-server' ]
2 info using npm@1.3.15
3 info using node@v0.10.22
4 verbose cache add [ 'http-server', null ]
5 verbose cache add name=undefined spec="http-server" args=["http-server",null]
6 verbose parsed url { protocol: null,
6 verbose parsed url   slashes: null,
6 verbose parsed url   auth: null,
6 verbose parsed url   host: null,
6 verbose parsed url   port: null,
6 verbose parsed url   hostname: null,
6 verbose parsed url   hash: null,
6 verbose parsed url   search: null,
6 verbose parsed url   query: null,
6 verbose parsed url   pathname: 'http-server',
6 verbose parsed url   path: 'http-server',
6 verbose parsed url   href: 'http-server' }
7 silly lockFile ed608307-http-server http-server
8 verbose lock http-server /Users/limingze/.npm/ed608307-http-server.lock
9 silly lockFile ed608307-http-server http-server
10 silly lockFile ed608307-http-server http-server
11 verbose addNamed [ 'http-server', '' ]
12 verbose addNamed [ null, '*' ]
13 silly lockFile 550353c6-http-server http-server@
14 verbose lock http-server@ /Users/limingze/.npm/550353c6-http-server.lock
15 silly addNameRange { name: 'http-server', range: '*', hasData: false }
16 verbose url raw http-server
17 verbose url resolving [ 'https://registry.npmjs.org/', './http-server' ]
18 verbose url resolved https://registry.npmjs.org/http-server
19 info trying registry request attempt 1 at 20:47:05
20 verbose etag "C2BV9C7RIUUXBCE9X9KIU9T27"
21 http GET https://registry.npmjs.org/http-server
22 http 200 https://registry.npmjs.org/http-server
23 silly registry.get cb [ 200,
23 silly registry.get   { vary: 'Accept',
23 silly registry.get     server: 'CouchDB/1.5.0 (Erlang OTP/R15B03)',
23 silly registry.get     etag: '"2II6TAB6RLLKVE5YGQGZJ78N0"',
23 silly registry.get     date: 'Mon, 09 Dec 2013 12:47:09 GMT',
23 silly registry.get     'content-type': 'application/json',
23 silly registry.get     'content-length': '43166' } ]
24 silly addNameRange number 2 { name: 'http-server', range: '*', hasData: true }
25 silly addNameRange versions [ 'http-server',
25 silly addNameRange   [ '0.1.0',
25 silly addNameRange     '0.1.1',
25 silly addNameRange     '0.1.3',
25 silly addNameRange     '0.2.1',
25 silly addNameRange     '0.2.2',
25 silly addNameRange     '0.2.3',
25 silly addNameRange     '0.2.4',
25 silly addNameRange     '0.2.5',
25 silly addNameRange     '0.2.6',
25 silly addNameRange     '0.2.9',
25 silly addNameRange     '0.3.0',
25 silly addNameRange     '0.4.0',
25 silly addNameRange     '0.4.1',
25 silly addNameRange     '0.5.0',
25 silly addNameRange     '0.5.1',
25 silly addNameRange     '0.5.2',
25 silly addNameRange     '0.5.3',
25 silly addNameRange     '0.5.5',
25 silly addNameRange     '0.6.0',
25 silly addNameRange     '0.6.1' ] ]
26 verbose addNamed [ 'http-server', '0.6.1' ]
27 verbose addNamed [ '0.6.1', '0.6.1' ]
28 silly lockFile 1e2b2518-http-server-0-6-1 http-server@0.6.1
29 verbose lock http-server@0.6.1 /Users/limingze/.npm/1e2b2518-http-server-0-6-1.lock
30 silly lockFile c3f4b4b6-ttp-server-http-server-0-6-1-tgz https://registry.npmjs.org/http-server/-/http-server-0.6.1.tgz
31 verbose lock https://registry.npmjs.org/http-server/-/http-server-0.6.1.tgz /Users/limingze/.npm/c3f4b4b6-ttp-server-http-server-0-6-1-tgz.lock
32 verbose addRemoteTarball [ 'https://registry.npmjs.org/http-server/-/http-server-0.6.1.tgz',
32 verbose addRemoteTarball   '06fce65cf2bd4132a578bdac62ffacb97d613981' ]
33 info retry fetch attempt 1 at 20:47:13
34 verbose fetch to= /var/folders/fq/8994g77x7y1gd1050t2048980000gn/T/npm-97357-1sG3RF2q/1386593233509-0.1767854376230389/tmp.tgz
35 http GET https://registry.npmjs.org/http-server/-/http-server-0.6.1.tgz
36 http 404 https://registry.npmjs.org/http-server/-/http-server-0.6.1.tgz
37 error fetch failed https://registry.npmjs.org/http-server/-/http-server-0.6.1.tgz
38 silly lockFile c3f4b4b6-ttp-server-http-server-0-6-1-tgz https://registry.npmjs.org/http-server/-/http-server-0.6.1.tgz
39 silly lockFile c3f4b4b6-ttp-server-http-server-0-6-1-tgz https://registry.npmjs.org/http-server/-/http-server-0.6.1.tgz
40 silly lockFile 1e2b2518-http-server-0-6-1 http-server@0.6.1
41 silly lockFile 1e2b2518-http-server-0-6-1 http-server@0.6.1
42 silly lockFile 550353c6-http-server http-server@
43 silly lockFile 550353c6-http-server http-server@
44 error Error: 404 Not Found
44 error     at WriteStream.<anonymous> (/opt/local/lib/node_modules/npm/lib/utils/fetch.js:57:12)
44 error     at WriteStream.EventEmitter.emit (events.js:117:20)
44 error     at fs.js:1596:14
44 error     at /opt/local/lib/node_modules/npm/node_modules/graceful-fs/graceful-fs.js:103:5
44 error     at Object.oncomplete (fs.js:107:15)
45 error If you need help, you may report this log at:
45 error     <http://github.com/isaacs/npm/issues>
45 error or email it to:
45 error     <npm-@googlegroups.com>
46 error System Darwin 13.0.2
47 error command "/opt/local/bin/node" "/opt/local/bin/npm" "install" "-g" "http-server"
48 error cwd /Users/limingze/Dev/Github/hexo
49 error node -v v0.10.22
50 error npm -v 1.3.15
51 verbose exit [ 1, true ]
